<?xml version="1.0" encoding="UTF-8"?>
<!-- Generated by org.testng.reporters.JUnitReportReporter -->
<testsuite skipped="0" hostname="DESKTOP-8JOTRS7" name="com.crm.qa.testcases.ContactsPageTest" tests="16" failures="0" timestamp="2020-10-28T06:20:34 CDT" time="362.775" errors="0">
  <testcase name="verify_LeftNavBar_CalendarLink_VisibleFrom_ContactsPage_Test" time="17.465" classname="com.crm.qa.testcases.ContactsPageTest"/>
  <system-out/>
  <testcase name="verify_LandedOn_ContactsPage_A_Test" time="18.147" classname="com.crm.qa.testcases.ContactsPageTest"/>
  <system-out/>
  <testcase name="verify_LeftNavBar_EmailLink_VisibleFrom_ContactsPage_Test" time="16.977" classname="com.crm.qa.testcases.ContactsPageTest"/>
  <system-out/>
  <testcase name="verify_LeftNavBar_FormsLink_VisibleFrom_ContactsPage_Test" time="17.820" classname="com.crm.qa.testcases.ContactsPageTest"/>
  <system-out/>
  <testcase name="verify_LeftNavBar_CallsLink_VisibleFrom_ContactsPage_Test" time="17.451" classname="com.crm.qa.testcases.ContactsPageTest"/>
  <system-out/>
  <testcase name="verify_LeftNavBar_DealsLink_VisibleFrom_ContactsPage_Test" time="17.764" classname="com.crm.qa.testcases.ContactsPageTest"/>
  <system-out/>
  <testcase name="verify_LeftNavBar_CasesLink_VisibleFrom_ContactsPage_Test" time="17.584" classname="com.crm.qa.testcases.ContactsPageTest"/>
  <system-out/>
  <testcase name="verify_LeftNavBar_CompaniesLink_VisibleFrom_ContactsPage_Test" time="17.311" classname="com.crm.qa.testcases.ContactsPageTest"/>
  <system-out/>
  <testcase name="verify_LeftNavBar_TasksLink_VisibleFrom_ContactsPage_Test" time="17.807" classname="com.crm.qa.testcases.ContactsPageTest"/>
  <system-out/>
  <testcase name="verify_LeftNavBar_CampaignsLink_VisibleFrom_ContactsPage_Test" time="17.021" classname="com.crm.qa.testcases.ContactsPageTest"/>
  <system-out/>
  <testcase name="verify_LeftNavBar_ContactsLink_VisibleFrom_ContactsPage_Test" time="18.245" classname="com.crm.qa.testcases.ContactsPageTest"/>
  <system-out/>
  <testcase name="verify_LeftNavBar_DocumentsLink_VisibleFrom_ContactsPage_Test" time="17.496" classname="com.crm.qa.testcases.ContactsPageTest"/>
  <system-out/>
  <testcase name="validateCreateNewContactExcelSheetTest" time="38.440" classname="com.crm.qa.testcases.ContactsPageTest"/>
  <system-out/>
  <testcase name="validateCreateNewContactExcelSheetTest" time="38.227" classname="com.crm.qa.testcases.ContactsPageTest"/>
  <system-out/>
  <testcase name="validateCreateNewContactExcelSheetTest" time="37.714" classname="com.crm.qa.testcases.ContactsPageTest"/>
  <system-out/>
  <testcase name="validateCreateNewContactHardCodeTest" time="37.306" classname="com.crm.qa.testcases.ContactsPageTest"/>
  <system-out/>
</testsuite> <!-- com.crm.qa.testcases.ContactsPageTest -->
