<?xml version="1.0" encoding="UTF-8"?>
<!-- Generated by org.testng.reporters.JUnitReportReporter -->
<testsuite skipped="0" hostname="DESKTOP-8JOTRS7" name="com.crm.qa.testcases.TasksPageTest" tests="1" failures="0" timestamp="2021-01-01T14:25:56 CST" time="27.968" errors="0">
  <testcase name="verify_LeftNavBar_ContactsLink_VisibleFrom_TasksPage_Test" time="27.968" classname="com.crm.qa.testcases.TasksPageTest"/>
  <system-out/>
</testsuite> <!-- com.crm.qa.testcases.TasksPageTest -->
