<?xml version="1.0" encoding="UTF-8"?>
<!-- Generated by org.testng.reporters.JUnitReportReporter -->
<testsuite skipped="0" hostname="DESKTOP-8JOTRS7" name="com.crm.qa.testcases.CompaniesPageTest" tests="12" failures="0" timestamp="2020-10-25T09:11:59 CDT" time="246.404" errors="0">
  <testcase name="verify_LandedOn_CompaniesPage_Test" time="20.357" classname="com.crm.qa.testcases.CompaniesPageTest"/>
  <system-out/>
  <testcase name="verify_LeftNavBar_CalendarLink_VisibleFrom_CompaniesPage_Test" time="20.505" classname="com.crm.qa.testcases.CompaniesPageTest"/>
  <system-out/>
  <testcase name="verify_LeftNavBar_CampaignsLink_VisibleFrom_CompaniesPage_Test" time="20.342" classname="com.crm.qa.testcases.CompaniesPageTest"/>
  <system-out/>
  <testcase name="verify_LeftNavBar_CompaniesLink_VisibleFrom_CompaniesPage_Test" time="20.604" classname="com.crm.qa.testcases.CompaniesPageTest"/>
  <system-out/>
  <testcase name="verify_LeftNavBar_CallsLink_VisibleFrom_CompaniesPage_Test" time="20.444" classname="com.crm.qa.testcases.CompaniesPageTest"/>
  <system-out/>
  <testcase name="verify_LeftNavBar_EmailLink_VisibleFrom_CompaniesPage_Test" time="20.397" classname="com.crm.qa.testcases.CompaniesPageTest"/>
  <system-out/>
  <testcase name="verify_LeftNavBar_FormsLink_VisibleFrom_CompaniesPage_Test" time="20.862" classname="com.crm.qa.testcases.CompaniesPageTest"/>
  <system-out/>
  <testcase name="verify_LeftNavBar_ContactsLink_VisibleFrom_CompaniesPage_Test" time="20.404" classname="com.crm.qa.testcases.CompaniesPageTest"/>
  <system-out/>
  <testcase name="verify_LeftNavBar_CasesLink_VisibleFrom_CompaniesPage_Test" time="20.370" classname="com.crm.qa.testcases.CompaniesPageTest"/>
  <system-out/>
  <testcase name="verify_LeftNavBar_DocumentsLink_VisibleFrom_CompaniesPage_Test" time="20.848" classname="com.crm.qa.testcases.CompaniesPageTest"/>
  <system-out/>
  <testcase name="verify_LeftNavBar_DealsLink_VisibleFrom_CompaniesPage_Test" time="20.538" classname="com.crm.qa.testcases.CompaniesPageTest"/>
  <system-out/>
  <testcase name="verify_LeftNavBar_TasksLink_VisibleFrom_CompaniesPage_Test" time="20.733" classname="com.crm.qa.testcases.CompaniesPageTest"/>
  <system-out/>
</testsuite> <!-- com.crm.qa.testcases.CompaniesPageTest -->
