<?xml version="1.0" encoding="UTF-8"?>
<!-- Generated by org.testng.reporters.JUnitReportReporter -->
<testsuite skipped="0" hostname="DESKTOP-8JOTRS7" name="com.crm.qa.testcases.CampaignsPageTest" tests="12" failures="0" timestamp="2020-10-25T09:11:59 CDT" time="248.214" errors="0">
  <testcase name="verify_LeftNavBar_CalendarLink_VisibleFrom_CampaignsPage_Test" time="20.429" classname="com.crm.qa.testcases.CampaignsPageTest"/>
  <system-out/>
  <testcase name="verify_LandedOn_CampaignsPage_Test" time="20.464" classname="com.crm.qa.testcases.CampaignsPageTest"/>
  <system-out/>
  <testcase name="verify_LeftNavBar_CampaignsLink_VisibleFrom_CampaignsPage_Test" time="20.449" classname="com.crm.qa.testcases.CampaignsPageTest"/>
  <system-out/>
  <testcase name="verify_LeftNavBar_DocumentsLink_VisibleFrom_CampaignsPage_Test" time="20.461" classname="com.crm.qa.testcases.CampaignsPageTest"/>
  <system-out/>
  <testcase name="verify_LeftNavBar_CasesLink_VisibleFrom_CampaignsPage_Test" time="20.574" classname="com.crm.qa.testcases.CampaignsPageTest"/>
  <system-out/>
  <testcase name="verify_LeftNavBar_DealsLink_VisibleFrom_CampaignsPage_Test" time="20.521" classname="com.crm.qa.testcases.CampaignsPageTest"/>
  <system-out/>
  <testcase name="verify_LeftNavBar_FormsLink_VisibleFrom_CampaignsPage_Test" time="20.439" classname="com.crm.qa.testcases.CampaignsPageTest"/>
  <system-out/>
  <testcase name="verify_LeftNavBar_TasksLink_VisibleFrom_CampaignsPage_Test" time="20.449" classname="com.crm.qa.testcases.CampaignsPageTest"/>
  <system-out/>
  <testcase name="verify_LeftNavBar_EmailLink_VisibleFrom_CampaignsPage_Test" time="20.811" classname="com.crm.qa.testcases.CampaignsPageTest"/>
  <system-out/>
  <testcase name="verify_LeftNavBar_CallsLink_VisibleFrom_CampaignsPage_Test" time="21.186" classname="com.crm.qa.testcases.CampaignsPageTest"/>
  <system-out/>
  <testcase name="verify_LeftNavBar_ContactsLink_VisibleFrom_CampaignsPage_Test" time="20.378" classname="com.crm.qa.testcases.CampaignsPageTest"/>
  <system-out/>
  <testcase name="verify_LeftNavBar_CompaniesLink_VisibleFrom_CampaignsPage_Test" time="22.053" classname="com.crm.qa.testcases.CampaignsPageTest"/>
  <system-out/>
</testsuite> <!-- com.crm.qa.testcases.CampaignsPageTest -->
