<?xml version="1.0" encoding="UTF-8"?>
<!-- Generated by org.testng.reporters.JUnitReportReporter -->
<testsuite skipped="0" hostname="DESKTOP-8JOTRS7" name="com.crm.qa.testcases.HomePageTest" tests="14" failures="0" timestamp="2020-10-28T06:20:34 CDT" time="275.692" errors="0">
  <testcase name="verifyLandedOnHomePageWithPageTitlePassTest" time="16.584" classname="com.crm.qa.testcases.HomePageTest"/>
  <system-out/>
  <testcase name="verifyLandedOnHomePageWithPageTitleFailTest" time="17.161" classname="com.crm.qa.testcases.HomePageTest"/>
  <system-out/>
  <testcase name="verifyLandedOnHomePageWithUserNamePassTest" time="18.462" classname="com.crm.qa.testcases.HomePageTest"/>
  <system-out/>
  <testcase name="verifyLandedOnContactsPageTest" time="21.028" classname="com.crm.qa.testcases.HomePageTest"/>
  <system-out/>
  <testcase name="verifyLandedOnDocumentsPageTest" time="20.232" classname="com.crm.qa.testcases.HomePageTest"/>
  <system-out/>
  <testcase name="verifyLandedOnCompaniesPageTest" time="20.308" classname="com.crm.qa.testcases.HomePageTest"/>
  <system-out/>
  <testcase name="verifyLandedOnEmailPageTest" time="20.082" classname="com.crm.qa.testcases.HomePageTest"/>
  <system-out/>
  <testcase name="verifyLandedOnCalendarPageTest" time="20.173" classname="com.crm.qa.testcases.HomePageTest"/>
  <system-out/>
  <testcase name="verifyLandedOnFormsPageTest" time="19.966" classname="com.crm.qa.testcases.HomePageTest"/>
  <system-out/>
  <testcase name="verifyLandedOnCallsPageTest" time="20.185" classname="com.crm.qa.testcases.HomePageTest"/>
  <system-out/>
  <testcase name="verifyLandedTasksPageTest" time="20.649" classname="com.crm.qa.testcases.HomePageTest"/>
  <system-out/>
  <testcase name="verifyLandedOnCasesPageTest" time="19.954" classname="com.crm.qa.testcases.HomePageTest"/>
  <system-out/>
  <testcase name="verifyLandedOnDealsPageTest" time="20.850" classname="com.crm.qa.testcases.HomePageTest"/>
  <system-out/>
  <testcase name="verifyLandedOnCampaignsPageTest" time="20.058" classname="com.crm.qa.testcases.HomePageTest"/>
  <system-out/>
</testsuite> <!-- com.crm.qa.testcases.HomePageTest -->
