<?xml version="1.0" encoding="UTF-8"?>
<!-- Generated by org.testng.reporters.JUnitReportReporter -->
<testsuite skipped="0" hostname="DESKTOP-8JOTRS7" name="com.crm.qa.testcases.DocumentsPageTest" tests="12" failures="0" timestamp="2020-10-25T09:11:59 CDT" time="246.058" errors="0">
  <testcase name="verify_LandedOn_DocumentsPage_Test" time="20.481" classname="com.crm.qa.testcases.DocumentsPageTest"/>
  <system-out/>
  <testcase name="verify_LeftNavBar_CalendarLink_VisibleFrom_DocumentsPage_Test" time="20.326" classname="com.crm.qa.testcases.DocumentsPageTest"/>
  <system-out/>
  <testcase name="verify_LeftNavBar_CasesLink_VisibleFrom_DocumentsPage_Test" time="20.728" classname="com.crm.qa.testcases.DocumentsPageTest"/>
  <system-out/>
  <testcase name="verify_LeftNavBar_CallsLink_VisibleFrom_DocumentsPage_Test" time="20.392" classname="com.crm.qa.testcases.DocumentsPageTest"/>
  <system-out/>
  <testcase name="verify_LeftNavBar_DocumentsLink_VisibleFrom_DocumentsPage_Test" time="20.548" classname="com.crm.qa.testcases.DocumentsPageTest"/>
  <system-out/>
  <testcase name="verify_LeftNavBar_ContactsLink_VisibleFrom_DocumentsPage_Test" time="20.461" classname="com.crm.qa.testcases.DocumentsPageTest"/>
  <system-out/>
  <testcase name="verify_LeftNavBar_EmailLink_VisibleFrom_DocumentsPage_Test" time="20.393" classname="com.crm.qa.testcases.DocumentsPageTest"/>
  <system-out/>
  <testcase name="verify_LeftNavBar_TasksLink_VisibleFrom_DocumentsPage_Test" time="20.784" classname="com.crm.qa.testcases.DocumentsPageTest"/>
  <system-out/>
  <testcase name="verify_LeftNavBar_CampaignsLink_VisibleFrom_DocumentsPage_Test" time="20.568" classname="com.crm.qa.testcases.DocumentsPageTest"/>
  <system-out/>
  <testcase name="verify_LeftNavBar_CompaniesLink_VisibleFrom_DocumentsPage_Test" time="20.404" classname="com.crm.qa.testcases.DocumentsPageTest"/>
  <system-out/>
  <testcase name="verify_LeftNavBar_FormsLink_VisibleFrom_DocumentsPage_Test" time="20.589" classname="com.crm.qa.testcases.DocumentsPageTest"/>
  <system-out/>
  <testcase name="verify_LeftNavBar_DealsLink_VisibleFrom_DocumentsPage_Test" time="20.384" classname="com.crm.qa.testcases.DocumentsPageTest"/>
  <system-out/>
</testsuite> <!-- com.crm.qa.testcases.DocumentsPageTest -->
