<?xml version="1.0" encoding="UTF-8"?>
<!-- Generated by org.testng.reporters.JUnitReportReporter -->
<testsuite skipped="0" hostname="DESKTOP-8JOTRS7" name="com.crm.qa.testcases.FormsPageTest" tests="12" failures="0" timestamp="2020-10-25T09:11:59 CDT" time="246.454" errors="0">
  <testcase name="verify_LeftNavBar_CalendarLink_VisibleFrom_FormsPage_Test" time="20.556" classname="com.crm.qa.testcases.FormsPageTest"/>
  <system-out/>
  <testcase name="verify_LandedOn_FormsPage_Test" time="20.833" classname="com.crm.qa.testcases.FormsPageTest"/>
  <system-out/>
  <testcase name="verify_LeftNavBar_DealsLink_VisibleFrom_FormsPage_Test" time="20.504" classname="com.crm.qa.testcases.FormsPageTest"/>
  <system-out/>
  <testcase name="verify_LeftNavBar_CallsLink_VisibleFrom_FormsPage_Test" time="20.528" classname="com.crm.qa.testcases.FormsPageTest"/>
  <system-out/>
  <testcase name="verify_LeftNavBar_DocumentsLink_VisibleFrom_FormsPage_Test" time="20.591" classname="com.crm.qa.testcases.FormsPageTest"/>
  <system-out/>
  <testcase name="verify_LeftNavBar_CompaniesLink_VisibleFrom_FormsPage_Test" time="20.724" classname="com.crm.qa.testcases.FormsPageTest"/>
  <system-out/>
  <testcase name="verify_LeftNavBar_FormsLink_VisibleFrom_FormsPage_Test" time="20.542" classname="com.crm.qa.testcases.FormsPageTest"/>
  <system-out/>
  <testcase name="verify_LeftNavBar_CasesLink_VisibleFrom_FormsPage_Test" time="20.367" classname="com.crm.qa.testcases.FormsPageTest"/>
  <system-out/>
  <testcase name="verify_LeftNavBar_TasksLink_VisibleFrom_FormsPage_Test" time="20.397" classname="com.crm.qa.testcases.FormsPageTest"/>
  <system-out/>
  <testcase name="verify_LeftNavBar_CampaignsLink_VisibleFrom_FormsPage_Test" time="20.508" classname="com.crm.qa.testcases.FormsPageTest"/>
  <system-out/>
  <testcase name="verify_LeftNavBar_EmailLink_VisibleFrom_FormsPage_Test" time="20.418" classname="com.crm.qa.testcases.FormsPageTest"/>
  <system-out/>
  <testcase name="verify_LeftNavBar_ContactsLink_VisibleFrom_FormsPage_Test" time="20.486" classname="com.crm.qa.testcases.FormsPageTest"/>
  <system-out/>
</testsuite> <!-- com.crm.qa.testcases.FormsPageTest -->
