<?xml version="1.0" encoding="UTF-8"?>
<!-- Generated by org.testng.reporters.JUnitReportReporter -->
<testsuite skipped="0" hostname="DESKTOP-8JOTRS7" name="com.crm.qa.testcases.CalendarPageTest" tests="12" failures="0" timestamp="2020-10-25T09:11:59 CDT" time="246.913" errors="0">
  <testcase name="verify_LandedOn_CalendarPage_Test" time="20.557" classname="com.crm.qa.testcases.CalendarPageTest"/>
  <system-out/>
  <testcase name="verify_LeftNavBar_CampaignsLink_VisibleFrom_CalendarPage_Test" time="20.709" classname="com.crm.qa.testcases.CalendarPageTest"/>
  <system-out/>
  <testcase name="verify_LeftNavBar_CasesLink_VisibleFrom_CalendarPage_Test" time="20.866" classname="com.crm.qa.testcases.CalendarPageTest"/>
  <system-out/>
  <testcase name="verify_LeftNavBar_CalendarLink_VisibleFrom_CalendarPage_Test" time="20.516" classname="com.crm.qa.testcases.CalendarPageTest"/>
  <system-out/>
  <testcase name="verify_LeftNavBar_CallsLink_VisibleFrom_CalendarPage_Test" time="20.494" classname="com.crm.qa.testcases.CalendarPageTest"/>
  <system-out/>
  <testcase name="verify_LeftNavBar_ContactsLink_VisibleFrom_CalendarPage_Test" time="20.859" classname="com.crm.qa.testcases.CalendarPageTest"/>
  <system-out/>
  <testcase name="verify_LeftNavBar_DealsLink_VisibleFrom_CalendarPage_Test" time="20.468" classname="com.crm.qa.testcases.CalendarPageTest"/>
  <system-out/>
  <testcase name="verify_LeftNavBar_FormsLink_VisibleFrom_CalendarPage_Test" time="20.405" classname="com.crm.qa.testcases.CalendarPageTest"/>
  <system-out/>
  <testcase name="verify_LeftNavBar_CompaniesLink_VisibleFrom_CalendarPage_Test" time="20.520" classname="com.crm.qa.testcases.CalendarPageTest"/>
  <system-out/>
  <testcase name="verify_LeftNavBar_TasksLink_VisibleFrom_CalendarPage_Test" time="20.578" classname="com.crm.qa.testcases.CalendarPageTest"/>
  <system-out/>
  <testcase name="verify_LeftNavBar_DocumentsLink_VisibleFrom_CalendarPage_Test" time="20.463" classname="com.crm.qa.testcases.CalendarPageTest"/>
  <system-out/>
  <testcase name="verify_LeftNavBar_EmailLink_VisibleFrom_CalendarPage_Test" time="20.478" classname="com.crm.qa.testcases.CalendarPageTest"/>
  <system-out/>
</testsuite> <!-- com.crm.qa.testcases.CalendarPageTest -->
