<?xml version="1.0" encoding="UTF-8"?>
<!-- Generated by org.testng.reporters.JUnitReportReporter -->
<testsuite skipped="0" hostname="DESKTOP-8JOTRS7" name="com.crm.qa.testcases.DealsPageTest" tests="12" failures="0" timestamp="2020-10-25T09:11:59 CDT" time="247.148" errors="0">
  <testcase name="verify_LandedOn_DealsPage_Test" time="20.431" classname="com.crm.qa.testcases.DealsPageTest"/>
  <system-out/>
  <testcase name="verify_LeftNavBar_CalendarLink_VisibleFrom_DealsPage_Test" time="20.686" classname="com.crm.qa.testcases.DealsPageTest"/>
  <system-out/>
  <testcase name="verify_LeftNavBar_CasesLink_VisibleFrom_DealsPage_Test" time="20.716" classname="com.crm.qa.testcases.DealsPageTest"/>
  <system-out/>
  <testcase name="verify_LeftNavBar_EmailLink_VisibleFrom_DealsPage_Test" time="20.466" classname="com.crm.qa.testcases.DealsPageTest"/>
  <system-out/>
  <testcase name="verify_LeftNavBar_CompaniesLink_VisibleFrom_DealsPage_Test" time="20.519" classname="com.crm.qa.testcases.DealsPageTest"/>
  <system-out/>
  <testcase name="verify_LeftNavBar_TasksLink_VisibleFrom_DealsPage_Test" time="20.570" classname="com.crm.qa.testcases.DealsPageTest"/>
  <system-out/>
  <testcase name="verify_LeftNavBar_CallsLink_VisibleFrom_DealsPage_Test" time="20.715" classname="com.crm.qa.testcases.DealsPageTest"/>
  <system-out/>
  <testcase name="verify_LeftNavBar_DocumentsLink_VisibleFrom_DealsPage_Test" time="20.496" classname="com.crm.qa.testcases.DealsPageTest"/>
  <system-out/>
  <testcase name="verify_LeftNavBar_FormsLink_VisibleFrom_DealsPage_Test" time="20.340" classname="com.crm.qa.testcases.DealsPageTest"/>
  <system-out/>
  <testcase name="verify_LeftNavBar_ContactsLink_VisibleFrom_DealsPage_Test" time="20.756" classname="com.crm.qa.testcases.DealsPageTest"/>
  <system-out/>
  <testcase name="verify_LeftNavBar_DealsLink_VisibleFrom_DealsPage_Test" time="20.987" classname="com.crm.qa.testcases.DealsPageTest"/>
  <system-out/>
  <testcase name="verify_LeftNavBar_CampaignsLink_VisibleFrom_DealsPage_Test" time="20.466" classname="com.crm.qa.testcases.DealsPageTest"/>
  <system-out/>
</testsuite> <!-- com.crm.qa.testcases.DealsPageTest -->
