<?xml version="1.0" encoding="UTF-8"?>
<!-- Generated by org.testng.reporters.JUnitReportReporter -->
<testsuite skipped="0" hostname="DESKTOP-8JOTRS7" name="com.crm.qa.testcases.TasksPageTest" tests="12" failures="0" timestamp="2020-10-25T09:11:59 CDT" time="246.822" errors="0">
  <testcase name="verify_LandedOn_TasksPage_Test" time="20.710" classname="com.crm.qa.testcases.TasksPageTest"/>
  <system-out/>
  <testcase name="verify_LeftNavBar_CalendarLink_VisibleFrom_TasksPage_Test" time="20.348" classname="com.crm.qa.testcases.TasksPageTest"/>
  <system-out/>
  <testcase name="verify_LeftNavBar_CompaniesLink_VisibleFrom_TasksPage_Test" time="20.583" classname="com.crm.qa.testcases.TasksPageTest"/>
  <system-out/>
  <testcase name="verify_LeftNavBar_TasksLink_VisibleFrom_TasksPage_Test" time="20.404" classname="com.crm.qa.testcases.TasksPageTest"/>
  <system-out/>
  <testcase name="verify_LeftNavBar_DocumentsLink_VisibleFrom_TasksPage_Test" time="20.477" classname="com.crm.qa.testcases.TasksPageTest"/>
  <system-out/>
  <testcase name="verify_LeftNavBar_EmailLink_VisibleFrom_TasksPage_Test" time="20.629" classname="com.crm.qa.testcases.TasksPageTest"/>
  <system-out/>
  <testcase name="verify_LeftNavBar_CasesLink_VisibleFrom_TasksPage_Test" time="20.598" classname="com.crm.qa.testcases.TasksPageTest"/>
  <system-out/>
  <testcase name="verify_LeftNavBar_DealsLink_VisibleFrom_TasksPage_Test" time="20.453" classname="com.crm.qa.testcases.TasksPageTest"/>
  <system-out/>
  <testcase name="verify_LeftNavBar_CampaignsLink_VisibleFrom_TasksPage_Test" time="20.811" classname="com.crm.qa.testcases.TasksPageTest"/>
  <system-out/>
  <testcase name="verify_LeftNavBar_ContactsLink_VisibleFrom_TasksPage_Test" time="20.614" classname="com.crm.qa.testcases.TasksPageTest"/>
  <system-out/>
  <testcase name="verify_LeftNavBar_FormsLink_VisibleFrom_TasksPage_Test" time="20.777" classname="com.crm.qa.testcases.TasksPageTest"/>
  <system-out/>
  <testcase name="verify_LeftNavBar_CallsLink_VisibleFrom_TasksPage_Test" time="20.418" classname="com.crm.qa.testcases.TasksPageTest"/>
  <system-out/>
</testsuite> <!-- com.crm.qa.testcases.TasksPageTest -->
