<?xml version="1.0" encoding="UTF-8"?>
<!-- Generated by org.testng.reporters.JUnitReportReporter -->
<testsuite skipped="0" hostname="DESKTOP-8JOTRS7" name="com.crm.qa.testcases.HomePageTest2" tests="14" failures="0" timestamp="2020-10-22T18:23:47 CDT" time="270.027" errors="0">
  <testcase name="verifyLandedOnHomePagePassTest" time="17.331" classname="com.crm.qa.testcases.HomePageTest2"/>
  <system-out/>
  <testcase name="verifyLandedOnHomePageFailTest" time="16.611" classname="com.crm.qa.testcases.HomePageTest2"/>
  <system-out/>
  <testcase name="verifyLandedOnHomePageUserNamePassTest" time="16.562" classname="com.crm.qa.testcases.HomePageTest2"/>
  <system-out/>
  <testcase name="verifyLandedOnDocumentsPageTest" time="19.986" classname="com.crm.qa.testcases.HomePageTest2"/>
  <system-out/>
  <testcase name="verifyLandedTasksPageTest" time="19.687" classname="com.crm.qa.testcases.HomePageTest2"/>
  <system-out/>
  <testcase name="verifyLandedOnCalendarPageTest" time="21.148" classname="com.crm.qa.testcases.HomePageTest2"/>
  <system-out/>
  <testcase name="verifyLandedOnCasesPageTest" time="19.973" classname="com.crm.qa.testcases.HomePageTest2"/>
  <system-out/>
  <testcase name="verifyLandedOnFormsPageTest" time="19.795" classname="com.crm.qa.testcases.HomePageTest2"/>
  <system-out/>
  <testcase name="verifyLandedOnContactsPageTest" time="20.289" classname="com.crm.qa.testcases.HomePageTest2"/>
  <system-out/>
  <testcase name="verifyLandedOnCallsPageTest" time="19.952" classname="com.crm.qa.testcases.HomePageTest2"/>
  <system-out/>
  <testcase name="verifyLandedOnEmailPageTest" time="19.533" classname="com.crm.qa.testcases.HomePageTest2"/>
  <system-out/>
  <testcase name="verifyLandedOnCompaniesPageTest" time="19.557" classname="com.crm.qa.testcases.HomePageTest2"/>
  <system-out/>
  <testcase name="verifyLandedOnCampaignsPageTest" time="19.356" classname="com.crm.qa.testcases.HomePageTest2"/>
  <system-out/>
  <testcase name="verifyLandedOnDealsPageTest" time="20.247" classname="com.crm.qa.testcases.HomePageTest2"/>
  <system-out/>
</testsuite> <!-- com.crm.qa.testcases.HomePageTest2 -->
