<?xml version="1.0" encoding="UTF-8"?>
<!-- Generated by org.testng.reporters.JUnitReportReporter -->
<testsuite skipped="0" hostname="DESKTOP-8JOTRS7" name="com.crm.qa.testcases.LoginPageTest" tests="2" failures="0" timestamp="2020-10-28T06:20:34 CDT" time="30.580" errors="0">
  <testcase name="verifyLandedOnLandingPageTest" time="8.722" classname="com.crm.qa.testcases.LoginPageTest"/>
  <system-out/>
  <testcase name="verifyLogIntoHomePageTest" time="21.858" classname="com.crm.qa.testcases.LoginPageTest"/>
  <system-out/>
</testsuite> <!-- com.crm.qa.testcases.LoginPageTest -->
