<?xml version="1.0" encoding="UTF-8"?>
<!-- Generated by org.testng.reporters.JUnitReportReporter -->
<testsuite skipped="0" hostname="DESKTOP-8JOTRS7" name="com.crm.qa.testcases.CasesPageTest" tests="12" failures="0" timestamp="2020-10-25T09:11:59 CDT" time="247.729" errors="0">
  <testcase name="verify_LeftNavBar_CalendarLink_VisibleFrom_CasesPage_Test" time="20.454" classname="com.crm.qa.testcases.CasesPageTest"/>
  <system-out/>
  <testcase name="verify_LandedOn_CasesPage_Test" time="20.858" classname="com.crm.qa.testcases.CasesPageTest"/>
  <system-out/>
  <testcase name="verify_LeftNavBar_DocumentsLink_VisibleFrom_CasesPage_Test" time="21.106" classname="com.crm.qa.testcases.CasesPageTest"/>
  <system-out/>
  <testcase name="verify_LeftNavBar_CompaniesLink_VisibleFrom_CasesPage_Test" time="20.486" classname="com.crm.qa.testcases.CasesPageTest"/>
  <system-out/>
  <testcase name="verify_LeftNavBar_EmailLink_VisibleFrom_CasesPage_Test" time="20.645" classname="com.crm.qa.testcases.CasesPageTest"/>
  <system-out/>
  <testcase name="verify_LeftNavBar_TasksLink_VisibleFrom_CasesPage_Test" time="20.377" classname="com.crm.qa.testcases.CasesPageTest"/>
  <system-out/>
  <testcase name="verify_LeftNavBar_CallsLink_VisibleFrom_CasesPage_Test" time="20.716" classname="com.crm.qa.testcases.CasesPageTest"/>
  <system-out/>
  <testcase name="verify_LeftNavBar_DealsLink_VisibleFrom_CasesPage_Test" time="20.748" classname="com.crm.qa.testcases.CasesPageTest"/>
  <system-out/>
  <testcase name="verify_LeftNavBar_CasesLink_VisibleFrom_CasesPage_Test" time="20.534" classname="com.crm.qa.testcases.CasesPageTest"/>
  <system-out/>
  <testcase name="verify_LeftNavBar_ContactsLink_VisibleFrom_CasesPage_Test" time="20.562" classname="com.crm.qa.testcases.CasesPageTest"/>
  <system-out/>
  <testcase name="verify_LeftNavBar_CampaignsLink_VisibleFrom_CasesPage_Test" time="20.370" classname="com.crm.qa.testcases.CasesPageTest"/>
  <system-out/>
  <testcase name="verify_LeftNavBar_FormsLink_VisibleFrom_CasesPage_Test" time="20.873" classname="com.crm.qa.testcases.CasesPageTest"/>
  <system-out/>
</testsuite> <!-- com.crm.qa.testcases.CasesPageTest -->
