<?xml version="1.0" encoding="UTF-8"?>
<!-- Generated by org.testng.reporters.JUnitReportReporter -->
<testsuite skipped="0" hostname="DESKTOP-8JOTRS7" name="com.crm.qa.testcases.EmailPageTest" tests="12" failures="0" timestamp="2020-10-25T09:11:59 CDT" time="246.303" errors="0">
  <testcase name="verify_LeftNavBar_CalendarLink_VisibleFrom_EmailPage_Test" time="20.509" classname="com.crm.qa.testcases.EmailPageTest"/>
  <system-out/>
  <testcase name="verify_LandedOn_EmailPage_Test" time="20.672" classname="com.crm.qa.testcases.EmailPageTest"/>
  <system-out/>
  <testcase name="verify_LeftNavBar_CampaignsLink_VisibleFrom_EmailPage_Test" time="20.695" classname="com.crm.qa.testcases.EmailPageTest"/>
  <system-out/>
  <testcase name="verify_LeftNavBar_EmailLink_VisibleFrom_EmailPage_Test" time="20.704" classname="com.crm.qa.testcases.EmailPageTest"/>
  <system-out/>
  <testcase name="verify_LeftNavBar_CasesLink_VisibleFrom_EmailPage_Test" time="20.471" classname="com.crm.qa.testcases.EmailPageTest"/>
  <system-out/>
  <testcase name="verify_LeftNavBar_CallsLink_VisibleFrom_EmailPage_Test" time="20.360" classname="com.crm.qa.testcases.EmailPageTest"/>
  <system-out/>
  <testcase name="verify_LeftNavBar_FormsLink_VisibleFrom_EmailPage_Test" time="20.450" classname="com.crm.qa.testcases.EmailPageTest"/>
  <system-out/>
  <testcase name="verify_LeftNavBar_ContactsLink_VisibleFrom_EmailPage_Test" time="20.333" classname="com.crm.qa.testcases.EmailPageTest"/>
  <system-out/>
  <testcase name="verify_LeftNavBar_DocumentsLink_VisibleFrom_EmailPage_Test" time="20.553" classname="com.crm.qa.testcases.EmailPageTest"/>
  <system-out/>
  <testcase name="verify_LeftNavBar_TasksLink_VisibleFrom_EmailPage_Test" time="20.532" classname="com.crm.qa.testcases.EmailPageTest"/>
  <system-out/>
  <testcase name="verify_LeftNavBar_CompaniesLink_VisibleFrom_EmailPage_Test" time="20.375" classname="com.crm.qa.testcases.EmailPageTest"/>
  <system-out/>
  <testcase name="verify_LeftNavBar_DealsLink_VisibleFrom_EmailPage_Test" time="20.649" classname="com.crm.qa.testcases.EmailPageTest"/>
  <system-out/>
</testsuite> <!-- com.crm.qa.testcases.EmailPageTest -->
