<?xml version="1.0" encoding="UTF-8"?>
<!-- Generated by org.testng.reporters.JUnitReportReporter -->
<testsuite skipped="0" hostname="DESKTOP-8JOTRS7" name="com.crm.qa.testcases.CallsPageTest" tests="12" failures="0" timestamp="2020-10-25T09:11:59 CDT" time="246.436" errors="0">
  <testcase name="verify_LeftNavBar_CalendarLink_VisibleFrom_CallsPage_Test" time="20.484" classname="com.crm.qa.testcases.CallsPageTest"/>
  <system-out/>
  <testcase name="verify_LandedOn_CallsPage_Test" time="21.029" classname="com.crm.qa.testcases.CallsPageTest"/>
  <system-out/>
  <testcase name="verify_LeftNavBar_ContactsLink_VisibleFrom_CallsPage_Test" time="20.399" classname="com.crm.qa.testcases.CallsPageTest"/>
  <system-out/>
  <testcase name="verify_LeftNavBar_DocumentsLink_VisibleFrom_CallsPage_Test" time="20.514" classname="com.crm.qa.testcases.CallsPageTest"/>
  <system-out/>
  <testcase name="verify_LeftNavBar_CasesLink_VisibleFrom_CallsPage_Test" time="20.339" classname="com.crm.qa.testcases.CallsPageTest"/>
  <system-out/>
  <testcase name="verify_LeftNavBar_EmailLink_VisibleFrom_CallsPage_Test" time="20.856" classname="com.crm.qa.testcases.CallsPageTest"/>
  <system-out/>
  <testcase name="verify_LeftNavBar_TasksLink_VisibleFrom_CallsPage_Test" time="20.356" classname="com.crm.qa.testcases.CallsPageTest"/>
  <system-out/>
  <testcase name="verify_LeftNavBar_CampaignsLink_VisibleFrom_CallsPage_Test" time="20.509" classname="com.crm.qa.testcases.CallsPageTest"/>
  <system-out/>
  <testcase name="verify_LeftNavBar_CallsLink_VisibleFrom_CallsPage_Test" time="20.418" classname="com.crm.qa.testcases.CallsPageTest"/>
  <system-out/>
  <testcase name="verify_LeftNavBar_DealsLink_VisibleFrom_CallsPage_Test" time="20.751" classname="com.crm.qa.testcases.CallsPageTest"/>
  <system-out/>
  <testcase name="verify_LeftNavBar_CompaniesLink_VisibleFrom_CallsPage_Test" time="20.418" classname="com.crm.qa.testcases.CallsPageTest"/>
  <system-out/>
  <testcase name="verify_LeftNavBar_FormsLink_VisibleFrom_CallsPage_Test" time="20.363" classname="com.crm.qa.testcases.CallsPageTest"/>
  <system-out/>
</testsuite> <!-- com.crm.qa.testcases.CallsPageTest -->
